0 info it worked if it ends with ok
1 verbose cli [ '/usr/bin/node',
1 verbose cli   '/usr/bin/npm',
1 verbose cli   'publish',
1 verbose cli   '--access',
1 verbose cli   'public' ]
2 info using npm@3.5.2
3 info using node@v8.10.0
4 verbose publish [ '.' ]
5 silly cache add args [ '.', null ]
6 verbose cache add spec .
7 silly cache add parsed spec Result {
7 silly cache add   raw: '.',
7 silly cache add   scope: null,
7 silly cache add   name: null,
7 silly cache add   rawSpec: '.',
7 silly cache add   spec: '/mnt/c/Users/me/OneDrive/repos/zeit/now-builders/packages/now-python',
7 silly cache add   type: 'directory' }
8 verbose addLocalDirectory /root/.npm/@kennethreitz/python/0.0.88/package.tgz not in flight; packing
9 info lifecycle @kennethreitz/python@0.0.88~prepublish: @kennethreitz/python@0.0.88
10 silly lifecycle @kennethreitz/python@0.0.88~prepublish: no script for prepublish, continuing
11 verbose tar pack [ '/root/.npm/@kennethreitz/python/0.0.88/package.tgz',
11 verbose tar pack   '/mnt/c/Users/me/OneDrive/repos/zeit/now-builders/packages/now-python' ]
12 verbose tarball /root/.npm/@kennethreitz/python/0.0.88/package.tgz
13 verbose folder /mnt/c/Users/me/OneDrive/repos/zeit/now-builders/packages/now-python
14 verbose addLocalTarball adding from inside cache /root/.npm/@kennethreitz/python/0.0.88/package.tgz
15 silly cache afterAdd @kennethreitz/python@0.0.88
16 verbose afterAdd /root/.npm/@kennethreitz/python/0.0.88/package/package.json not in flight; writing
17 verbose afterAdd /root/.npm/@kennethreitz/python/0.0.88/package/package.json written
18 silly publish { name: '@kennethreitz/python',
18 silly publish   version: '0.0.88',
18 silly publish   main: 'index.js',
18 silly publish   license: 'MIT',
18 silly publish   dependencies:
18 silly publish    { execa: '^1.0.0',
18 silly publish      'fs.promised': '^3.0.0',
18 silly publish      'node-fetch': '^2.2.0' },
18 silly publish   peerDependencies: { '@now/build-utils': '>=0.0.1' },
18 silly publish   readme: 'ERROR: No README data found!',
18 silly publish   _id: '@kennethreitz/python@0.0.88',
18 silly publish   scripts: {},
18 silly publish   _shasum: '52714014c8cb61efd6c8dc348844e0fe248b5b25',
18 silly publish   _from: '.' }
19 verbose getPublishConfig undefined
20 silly mapToRegistry name @kennethreitz/python
21 silly mapToRegistry scope (from package name) @kennethreitz
22 verbose mapToRegistry no registry URL found in name for scope @kennethreitz
23 silly mapToRegistry using default registry
24 silly mapToRegistry registry https://registry.npmjs.org/
25 silly mapToRegistry uri https://registry.npmjs.org/@kennethreitz%2fpython
26 verbose publish registryBase https://registry.npmjs.org/
27 silly publish uploading /root/.npm/@kennethreitz/python/0.0.88/package.tgz
28 verbose request uri https://registry.npmjs.org/@kennethreitz%2fpython
29 verbose request sending authorization for write operation
30 info attempt registry request try #1 at 6:21:33 PM
31 verbose request using bearer token for auth
32 verbose request id 5f20953d7da5a236
33 http request PUT https://registry.npmjs.org/@kennethreitz%2fpython
34 http 403 https://registry.npmjs.org/@kennethreitz%2fpython
35 verbose headers { date: 'Sun, 11 Nov 2018 23:21:37 GMT',
35 verbose headers   'content-type': 'application/json',
35 verbose headers   'transfer-encoding': 'chunked',
35 verbose headers   connection: 'keep-alive',
35 verbose headers   'set-cookie':
35 verbose headers    [ '__cfduid=dfde55c678e123be3aefb1e3e763319251541978496; expires=Mon, 11-Nov-19 23:21:36 GMT; path=/; domain=.registry.npmjs.org; HttpOnly' ],
35 verbose headers   'cf-ray': '47847f02b9a5be6b-RIC',
35 verbose headers   'expect-ct': 'max-age=604800, report-uri="https://report-uri.cloudflare.com/cdn-cgi/beacon/expect-ct"',
35 verbose headers   vary: 'Accept-Encoding',
35 verbose headers   server: 'cloudflare',
35 verbose headers   'content-encoding': 'gzip' }
36 verbose request invalidating /root/.npm/registry.npmjs.org/_40kennethreitz_252fpython on PUT
37 error publish Failed PUT 403
38 verbose stack Error: You cannot publish over the previously published versions: 0.0.88. : @kennethreitz/python
38 verbose stack     at makeError (/usr/share/npm/node_modules/npm-registry-client/lib/request.js:264:12)
38 verbose stack     at CachingRegistryClient.<anonymous> (/usr/share/npm/node_modules/npm-registry-client/lib/request.js:252:14)
38 verbose stack     at /usr/share/npm/node_modules/npm-registry-client/lib/request.js:178:7
38 verbose stack     at Gunzip.onEnd (zlib.js:131:5)
38 verbose stack     at emitNone (events.js:111:20)
38 verbose stack     at Gunzip.emit (events.js:208:7)
38 verbose stack     at endReadableNT (_stream_readable.js:1064:12)
38 verbose stack     at _combinedTickCallback (internal/process/next_tick.js:138:11)
38 verbose stack     at process._tickCallback (internal/process/next_tick.js:180:9)
39 verbose statusCode 403
40 verbose pkgid @kennethreitz/python
41 verbose cwd /mnt/c/Users/me/OneDrive/repos/zeit/now-builders/packages/now-python
42 error Linux 4.4.0-17134-Microsoft
43 error argv "/usr/bin/node" "/usr/bin/npm" "publish" "--access" "public"
44 error node v8.10.0
45 error npm  v3.5.2
46 error code E403
47 error You cannot publish over the previously published versions: 0.0.88. : @kennethreitz/python
48 error If you need help, you may report this error at:
48 error     <https://github.com/npm/npm/issues>
49 verbose exit [ 1, true ]
